<?xml version="1.0" encoding="UTF-8"?>
<!-- Generated by org.testng.reporters.JUnitReportReporter -->
<testsuite hostname="LAPTOP-FF1D2J10" failures="0" tests="1" name="TestCases.TC01_addingMobile" time="41.464" errors="0" timestamp="2023-07-13T18:03:12 IST" skipped="0">
  <testcase classname="TestCases.TC01_addingMobile" name="Mobile" time="41.464"/>
</testsuite> <!-- TestCases.TC01_addingMobile -->
